[17-Feb-2021 17:08:27 UTC] PHP Deprecated:  Function libxml_disable_entity_loader() is deprecated in C:\xampp\htdocs\4w4-wordpress\wp-content\plugins\wordpress-importer\parsers\class-wxr-parser-simplexml.php on line 21
[17-Feb-2021 17:08:27 UTC] PHP Deprecated:  Function libxml_disable_entity_loader() is deprecated in C:\xampp\htdocs\4w4-wordpress\wp-content\plugins\wordpress-importer\parsers\class-wxr-parser-simplexml.php on line 25
[17-Feb-2021 17:09:05 UTC] PHP Deprecated:  Function libxml_disable_entity_loader() is deprecated in C:\xampp\htdocs\4w4-wordpress\wp-content\plugins\wordpress-importer\parsers\class-wxr-parser-simplexml.php on line 21
[17-Feb-2021 17:09:05 UTC] PHP Deprecated:  Function libxml_disable_entity_loader() is deprecated in C:\xampp\htdocs\4w4-wordpress\wp-content\plugins\wordpress-importer\parsers\class-wxr-parser-simplexml.php on line 25
[19-Feb-2021 16:30:41 UTC] PHP Fatal error:  Uncaught ArgumentCountError: 3 arguments are required, 2 given in C:\xampp\htdocs\4w4-wordpress\wp-content\themes\theme-gv\footer.php:25
Stack trace:
#0 C:\xampp\htdocs\4w4-wordpress\wp-content\themes\theme-gv\footer.php(25): printf('Theme: %1$s by ...', 'theme-gv, vince...')
#1 C:\xampp\htdocs\4w4-wordpress\wp-includes\template.php(730): require_once('C:\\xampp\\htdocs...')
#2 C:\xampp\htdocs\4w4-wordpress\wp-includes\template.php(676): load_template('C:\\xampp\\htdocs...', true, Array)
#3 C:\xampp\htdocs\4w4-wordpress\wp-includes\general-template.php(92): locate_template(Array, true, true, Array)
#4 C:\xampp\htdocs\4w4-wordpress\wp-content\themes\theme-gv\page.php(38): get_footer()
#5 C:\xampp\htdocs\4w4-wordpress\wp-includes\template-loader.php(106): include('C:\\xampp\\htdocs...')
#6 C:\xampp\htdocs\4w4-wordpress\wp-blog-header.php(19): require_once('C:\\xampp\\htdocs...')
#7 C:\xampp\htdocs\4w4-wordpress\index.php(17): require('C:\\xampp\\htdocs...')
#8 {main}
  thrown in C:\xampp\htdocs\4w4-wordpress\wp-content\themes\theme-gv\footer.php on line 25
[22-Feb-2021 15:19:50 UTC] PHP Parse error:  syntax error, unexpected token ";", expecting ")" in C:\xampp\htdocs\4w4-wordpress\wp-content\themes\theme-gv\functions.php on line 147
[22-Feb-2021 15:19:50 UTC] PHP Warning:  Trying to access array offset on value of type bool in C:\xampp\htdocs\4w4-wordpress\wp-includes\class-wp-recovery-mode-email-service.php on line 351
[22-Feb-2021 15:19:50 UTC] PHP Warning:  Trying to access array offset on value of type bool in C:\xampp\htdocs\4w4-wordpress\wp-includes\class-wp-recovery-mode-email-service.php on line 352
[22-Feb-2021 15:20:32 UTC] PHP Parse error:  syntax error, unexpected token ";", expecting ")" in C:\xampp\htdocs\4w4-wordpress\wp-content\themes\theme-gv\functions.php on line 147
[22-Feb-2021 15:21:50 UTC] PHP Parse error:  syntax error, unexpected token ";", expecting ")" in C:\xampp\htdocs\4w4-wordpress\wp-content\themes\theme-gv\functions.php on line 147
[22-Feb-2021 15:22:06 UTC] PHP Parse error:  syntax error, unexpected token ";", expecting ")" in C:\xampp\htdocs\4w4-wordpress\wp-content\themes\theme-gv\functions.php on line 147
[22-Feb-2021 15:22:37 UTC] PHP Warning:  filemtime(): stat failed for C:\xampp\htdocs\4w4-wordpress/wp-content/themes/theme-gv/carrousel.js in C:\xampp\htdocs\4w4-wordpress\wp-content\themes\theme-gv\functions.php on line 147
[22-Feb-2021 15:24:35 UTC] PHP Warning:  filemtime(): stat failed for C:\xampp\htdocs\4w4-wordpress/wp-content/themes/theme-gv/carrousel.js in C:\xampp\htdocs\4w4-wordpress\wp-content\themes\theme-gv\functions.php on line 148
[22-Feb-2021 15:24:35 UTC] PHP Warning:  filemtime(): stat failed for C:\xampp\htdocs\4w4-wordpress/wp-content/themes/theme-gv/carrousel.js in C:\xampp\htdocs\4w4-wordpress\wp-content\themes\theme-gv\functions.php on line 149
[22-Feb-2021 15:25:03 UTC] PHP Warning:  filemtime(): stat failed for C:\xampp\htdocs\4w4-wordpress/wp-content/themes/theme-gv/carrousel.js in C:\xampp\htdocs\4w4-wordpress\wp-content\themes\theme-gv\functions.php on line 148
[22-Feb-2021 15:25:03 UTC] PHP Warning:  filemtime(): stat failed for C:\xampp\htdocs\4w4-wordpress/wp-content/themes/theme-gv/carrousel.js in C:\xampp\htdocs\4w4-wordpress\wp-content\themes\theme-gv\functions.php on line 149
[22-Feb-2021 15:26:21 UTC] PHP Warning:  filemtime(): stat failed for C:\xampp\htdocs\4w4-wordpress/wp-content/themes/theme-gv/carrousel.js in C:\xampp\htdocs\4w4-wordpress\wp-content\themes\theme-gv\functions.php on line 148
[22-Feb-2021 15:47:53 UTC] PHP Parse error:  syntax error, unexpected end of file, expecting "elseif" or "else" or "endif" in C:\xampp\htdocs\4w4-wordpress\wp-content\themes\theme-gv\header.php on line 72
[22-Feb-2021 15:48:31 UTC] PHP Parse error:  syntax error, unexpected end of file, expecting "elseif" or "else" or "endif" in C:\xampp\htdocs\4w4-wordpress\wp-content\themes\theme-gv\header.php on line 72
[22-Feb-2021 15:48:34 UTC] PHP Parse error:  syntax error, unexpected end of file, expecting "elseif" or "else" or "endif" in C:\xampp\htdocs\4w4-wordpress\wp-content\themes\theme-gv\header.php on line 72
[22-Feb-2021 15:48:55 UTC] PHP Parse error:  syntax error, unexpected end of file, expecting "elseif" or "else" or "endif" in C:\xampp\htdocs\4w4-wordpress\wp-content\themes\theme-gv\header.php on line 72
[22-Feb-2021 15:49:06 UTC] PHP Parse error:  syntax error, unexpected end of file, expecting "elseif" or "else" or "endif" in C:\xampp\htdocs\4w4-wordpress\wp-content\themes\theme-gv\header.php on line 72
[22-Feb-2021 15:50:07 UTC] PHP Parse error:  syntax error, unexpected end of file, expecting "elseif" or "else" or "endif" in C:\xampp\htdocs\4w4-wordpress\wp-content\themes\theme-gv\header.php on line 72
[22-Feb-2021 15:50:36 UTC] PHP Parse error:  syntax error, unexpected end of file, expecting "elseif" or "else" or "endif" in C:\xampp\htdocs\4w4-wordpress\wp-content\themes\theme-gv\header.php on line 72
[22-Feb-2021 15:51:30 UTC] PHP Parse error:  syntax error, unexpected end of file, expecting "elseif" or "else" or "endif" in C:\xampp\htdocs\4w4-wordpress\wp-content\themes\theme-gv\header.php on line 72
[22-Feb-2021 15:53:33 UTC] PHP Parse error:  syntax error, unexpected end of file, expecting "elseif" or "else" or "endif" in C:\xampp\htdocs\4w4-wordpress\wp-content\themes\theme-gv\header.php on line 72
[22-Feb-2021 15:54:55 UTC] PHP Parse error:  syntax error, unexpected end of file, expecting "elseif" or "else" or "endif" in C:\xampp\htdocs\4w4-wordpress\wp-content\themes\theme-gv\header.php on line 72
[22-Feb-2021 15:55:40 UTC] PHP Warning:  filemtime(): stat failed for C:\xampp\htdocs\4w4-wordpress/wp-content/themes/theme-gvjs/carrousel.js in C:\xampp\htdocs\4w4-wordpress\wp-content\themes\theme-gv\functions.php on line 149
[25-Feb-2021 15:19:40 UTC] PHP Parse error:  syntax error, unexpected token ":", expecting end of file in C:\xampp\htdocs\4w4-wordpress\wp-content\themes\theme-gv\header.php on line 48
[25-Feb-2021 15:19:47 UTC] PHP Parse error:  syntax error, unexpected token ":", expecting end of file in C:\xampp\htdocs\4w4-wordpress\wp-content\themes\theme-gv\header.php on line 48
[08-Mar-2021 13:23:10 UTC] PHP Notice: A feed could not be found at `https://feeds.feedburner.com/wpfr`; the status code is `200` and content-type is `text/html; charset=UTF-8` in C:\xampp\htdocs\4w4-wordpress\wp-includes\class-simplepie.php on line 1728
[08-Mar-2021 13:24:19 UTC] PHP Deprecated:  Function libxml_disable_entity_loader() is deprecated in C:\xampp\htdocs\4w4-wordpress\wp-content\plugins\wordpress-importer\parsers\class-wxr-parser-simplexml.php on line 21
[08-Mar-2021 13:24:19 UTC] PHP Deprecated:  Function libxml_disable_entity_loader() is deprecated in C:\xampp\htdocs\4w4-wordpress\wp-content\plugins\wordpress-importer\parsers\class-wxr-parser-simplexml.php on line 25
[08-Mar-2021 13:24:24 UTC] PHP Deprecated:  Function libxml_disable_entity_loader() is deprecated in C:\xampp\htdocs\4w4-wordpress\wp-content\plugins\wordpress-importer\parsers\class-wxr-parser-simplexml.php on line 21
[08-Mar-2021 13:24:24 UTC] PHP Deprecated:  Function libxml_disable_entity_loader() is deprecated in C:\xampp\htdocs\4w4-wordpress\wp-content\plugins\wordpress-importer\parsers\class-wxr-parser-simplexml.php on line 25
[08-Mar-2021 13:27:24 UTC] PHP Deprecated:  Function libxml_disable_entity_loader() is deprecated in C:\xampp\htdocs\4w4-wordpress\wp-content\plugins\wordpress-importer\parsers\class-wxr-parser-simplexml.php on line 21
[08-Mar-2021 13:27:24 UTC] PHP Deprecated:  Function libxml_disable_entity_loader() is deprecated in C:\xampp\htdocs\4w4-wordpress\wp-content\plugins\wordpress-importer\parsers\class-wxr-parser-simplexml.php on line 25
[08-Mar-2021 13:27:28 UTC] PHP Deprecated:  Function libxml_disable_entity_loader() is deprecated in C:\xampp\htdocs\4w4-wordpress\wp-content\plugins\wordpress-importer\parsers\class-wxr-parser-simplexml.php on line 21
[08-Mar-2021 13:27:28 UTC] PHP Deprecated:  Function libxml_disable_entity_loader() is deprecated in C:\xampp\htdocs\4w4-wordpress\wp-content\plugins\wordpress-importer\parsers\class-wxr-parser-simplexml.php on line 25
[08-Mar-2021 15:23:56 UTC] PHP Parse error:  syntax error, unexpected end of file in C:\xampp\htdocs\4w4-wordpress\wp-content\themes\theme-gv\functions.php on line 215
[08-Mar-2021 15:31:36 UTC] PHP Parse error:  syntax error, unexpected variable "$session" in C:\xampp\htdocs\4w4-wordpress\wp-content\themes\theme-gv\category-cours.php on line 29
[08-Mar-2021 15:45:11 UTC] PHP Fatal error:  Uncaught Error: Call to undefined function get_the_contenu() in C:\xampp\htdocs\4w4-wordpress\wp-content\themes\theme-gv\category-cours.php:31
Stack trace:
#0 C:\xampp\htdocs\4w4-wordpress\wp-includes\template-loader.php(106): include()
#1 C:\xampp\htdocs\4w4-wordpress\wp-blog-header.php(19): require_once('C:\\xampp\\htdocs...')
#2 C:\xampp\htdocs\4w4-wordpress\index.php(17): require('C:\\xampp\\htdocs...')
#3 {main}
  thrown in C:\xampp\htdocs\4w4-wordpress\wp-content\themes\theme-gv\category-cours.php on line 31
[08-Mar-2021 15:45:21 UTC] PHP Fatal error:  Uncaught Error: Call to undefined function get_the_contenu() in C:\xampp\htdocs\4w4-wordpress\wp-content\themes\theme-gv\category-cours.php:31
Stack trace:
#0 C:\xampp\htdocs\4w4-wordpress\wp-includes\template-loader.php(106): include()
#1 C:\xampp\htdocs\4w4-wordpress\wp-blog-header.php(19): require_once('C:\\xampp\\htdocs...')
#2 C:\xampp\htdocs\4w4-wordpress\index.php(17): require('C:\\xampp\\htdocs...')
#3 {main}
  thrown in C:\xampp\htdocs\4w4-wordpress\wp-content\themes\theme-gv\category-cours.php on line 31
[08-Mar-2021 15:47:48 UTC] PHP Fatal error:  Uncaught Error: Call to undefined function get_the_contenu() in C:\xampp\htdocs\4w4-wordpress\wp-content\themes\theme-gv\category-cours.php:31
Stack trace:
#0 C:\xampp\htdocs\4w4-wordpress\wp-includes\template-loader.php(106): include()
#1 C:\xampp\htdocs\4w4-wordpress\wp-blog-header.php(19): require_once('C:\\xampp\\htdocs...')
#2 C:\xampp\htdocs\4w4-wordpress\index.php(17): require('C:\\xampp\\htdocs...')
#3 {main}
  thrown in C:\xampp\htdocs\4w4-wordpress\wp-content\themes\theme-gv\category-cours.php on line 31
[08-Mar-2021 15:59:24 UTC] PHP Fatal error:  Uncaught Error: Call to undefined function get_the_contenu() in C:\xampp\htdocs\4w4-wordpress\wp-content\themes\theme-gv\category-cours.php:31
Stack trace:
#0 C:\xampp\htdocs\4w4-wordpress\wp-includes\template-loader.php(106): include()
#1 C:\xampp\htdocs\4w4-wordpress\wp-blog-header.php(19): require_once('C:\\xampp\\htdocs...')
#2 C:\xampp\htdocs\4w4-wordpress\index.php(17): require('C:\\xampp\\htdocs...')
#3 {main}
  thrown in C:\xampp\htdocs\4w4-wordpress\wp-content\themes\theme-gv\category-cours.php on line 31
[08-Mar-2021 15:59:33 UTC] PHP Fatal error:  Uncaught Error: Call to undefined function get_the_contenu() in C:\xampp\htdocs\4w4-wordpress\wp-content\themes\theme-gv\category-cours.php:31
Stack trace:
#0 C:\xampp\htdocs\4w4-wordpress\wp-includes\template-loader.php(106): include()
#1 C:\xampp\htdocs\4w4-wordpress\wp-blog-header.php(19): require_once('C:\\xampp\\htdocs...')
#2 C:\xampp\htdocs\4w4-wordpress\index.php(17): require('C:\\xampp\\htdocs...')
#3 {main}
  thrown in C:\xampp\htdocs\4w4-wordpress\wp-content\themes\theme-gv\category-cours.php on line 31
[08-Mar-2021 16:01:28 UTC] PHP Fatal error:  Uncaught Error: Call to undefined function get_the_contenu() in C:\xampp\htdocs\4w4-wordpress\wp-content\themes\theme-gv\category-cours.php:31
Stack trace:
#0 C:\xampp\htdocs\4w4-wordpress\wp-includes\template-loader.php(106): include()
#1 C:\xampp\htdocs\4w4-wordpress\wp-blog-header.php(19): require_once('C:\\xampp\\htdocs...')
#2 C:\xampp\htdocs\4w4-wordpress\index.php(17): require('C:\\xampp\\htdocs...')
#3 {main}
  thrown in C:\xampp\htdocs\4w4-wordpress\wp-content\themes\theme-gv\category-cours.php on line 31
[11-Mar-2021 18:47:10 UTC] PHP Fatal error:  Uncaught Error: Call to undefined function get_the_contenu() in C:\xampp\htdocs\4w4-wordpress\wp-content\themes\theme-gv\category-cours.php:31
Stack trace:
#0 C:\xampp\htdocs\4w4-wordpress\wp-includes\template-loader.php(106): include()
#1 C:\xampp\htdocs\4w4-wordpress\wp-blog-header.php(19): require_once('C:\\xampp\\htdocs...')
#2 C:\xampp\htdocs\4w4-wordpress\index.php(17): require('C:\\xampp\\htdocs...')
#3 {main}
  thrown in C:\xampp\htdocs\4w4-wordpress\wp-content\themes\theme-gv\category-cours.php on line 31
[11-Mar-2021 18:50:35 UTC] PHP Fatal error:  Uncaught Error: Call to undefined function get_the_contenu() in C:\xampp\htdocs\4w4-wordpress\wp-content\themes\theme-gv\category-cours.php:31
Stack trace:
#0 C:\xampp\htdocs\4w4-wordpress\wp-includes\template-loader.php(106): include()
#1 C:\xampp\htdocs\4w4-wordpress\wp-blog-header.php(19): require_once('C:\\xampp\\htdocs...')
#2 C:\xampp\htdocs\4w4-wordpress\index.php(17): require('C:\\xampp\\htdocs...')
#3 {main}
  thrown in C:\xampp\htdocs\4w4-wordpress\wp-content\themes\theme-gv\category-cours.php on line 31
[11-Mar-2021 18:51:55 UTC] PHP Fatal error:  Uncaught Error: Call to undefined function get_the_contenu() in C:\xampp\htdocs\4w4-wordpress\wp-content\themes\theme-gv\category-cours.php:31
Stack trace:
#0 C:\xampp\htdocs\4w4-wordpress\wp-includes\template-loader.php(106): include()
#1 C:\xampp\htdocs\4w4-wordpress\wp-blog-header.php(19): require_once('C:\\xampp\\htdocs...')
#2 C:\xampp\htdocs\4w4-wordpress\index.php(17): require('C:\\xampp\\htdocs...')
#3 {main}
  thrown in C:\xampp\htdocs\4w4-wordpress\wp-content\themes\theme-gv\category-cours.php on line 31
[11-Mar-2021 18:52:04 UTC] PHP Fatal error:  Uncaught Error: Call to undefined function get_the_contenu() in C:\xampp\htdocs\4w4-wordpress\wp-content\themes\theme-gv\category-cours.php:31
Stack trace:
#0 C:\xampp\htdocs\4w4-wordpress\wp-includes\template-loader.php(106): include()
#1 C:\xampp\htdocs\4w4-wordpress\wp-blog-header.php(19): require_once('C:\\xampp\\htdocs...')
#2 C:\xampp\htdocs\4w4-wordpress\index.php(17): require('C:\\xampp\\htdocs...')
#3 {main}
  thrown in C:\xampp\htdocs\4w4-wordpress\wp-content\themes\theme-gv\category-cours.php on line 31
[11-Mar-2021 18:52:10 UTC] PHP Parse error:  syntax error, unexpected end of file, expecting "elseif" or "else" or "endif" in C:\xampp\htdocs\4w4-wordpress\wp-content\themes\theme-gv\category-cours.php on line 33
[11-Mar-2021 18:52:15 UTC] PHP Fatal error:  Uncaught Error: Call to undefined function get_the_contenu() in C:\xampp\htdocs\4w4-wordpress\wp-content\themes\theme-gv\category-cours.php:31
Stack trace:
#0 C:\xampp\htdocs\4w4-wordpress\wp-includes\template-loader.php(106): include()
#1 C:\xampp\htdocs\4w4-wordpress\wp-blog-header.php(19): require_once('C:\\xampp\\htdocs...')
#2 C:\xampp\htdocs\4w4-wordpress\index.php(17): require('C:\\xampp\\htdocs...')
#3 {main}
  thrown in C:\xampp\htdocs\4w4-wordpress\wp-content\themes\theme-gv\category-cours.php on line 31
[11-Mar-2021 18:52:33 UTC] PHP Fatal error:  Uncaught Error: Call to undefined function get_the_contenu() in C:\xampp\htdocs\4w4-wordpress\wp-content\themes\theme-gv\category-cours.php:31
Stack trace:
#0 C:\xampp\htdocs\4w4-wordpress\wp-includes\template-loader.php(106): include()
#1 C:\xampp\htdocs\4w4-wordpress\wp-blog-header.php(19): require_once('C:\\xampp\\htdocs...')
#2 C:\xampp\htdocs\4w4-wordpress\index.php(17): require('C:\\xampp\\htdocs...')
#3 {main}
  thrown in C:\xampp\htdocs\4w4-wordpress\wp-content\themes\theme-gv\category-cours.php on line 31
[11-Mar-2021 18:54:18 UTC] PHP Notice: A feed could not be found at `https://feeds.feedburner.com/wpfr`; the status code is `200` and content-type is `text/html; charset=UTF-8` in C:\xampp\htdocs\4w4-wordpress\wp-includes\class-simplepie.php on line 1728
[11-Mar-2021 18:59:23 UTC] PHP Fatal error:  Uncaught Error: Call to undefined function get_the_contenu() in C:\xampp\htdocs\4w4-wordpress\wp-content\themes\theme-gv\category-cours.php:31
Stack trace:
#0 C:\xampp\htdocs\4w4-wordpress\wp-includes\template-loader.php(106): include()
#1 C:\xampp\htdocs\4w4-wordpress\wp-blog-header.php(19): require_once('C:\\xampp\\htdocs...')
#2 C:\xampp\htdocs\4w4-wordpress\index.php(17): require('C:\\xampp\\htdocs...')
#3 {main}
  thrown in C:\xampp\htdocs\4w4-wordpress\wp-content\themes\theme-gv\category-cours.php on line 31
[11-Mar-2021 19:05:45 UTC] PHP Fatal error:  Uncaught Error: Call to undefined function get_the_contenu() in C:\xampp\htdocs\4w4-wordpress\wp-content\themes\theme-gv\category-cours.php:31
Stack trace:
#0 C:\xampp\htdocs\4w4-wordpress\wp-includes\template-loader.php(106): include()
#1 C:\xampp\htdocs\4w4-wordpress\wp-blog-header.php(19): require_once('C:\\xampp\\htdocs...')
#2 C:\xampp\htdocs\4w4-wordpress\index.php(17): require('C:\\xampp\\htdocs...')
#3 {main}
  thrown in C:\xampp\htdocs\4w4-wordpress\wp-content\themes\theme-gv\category-cours.php on line 31
[11-Mar-2021 19:13:04 UTC] PHP Fatal error:  Uncaught Error: Call to undefined function get_the_contenu() in C:\xampp\htdocs\4w4-wordpress\wp-content\themes\theme-gv\category-cours.php:31
Stack trace:
#0 C:\xampp\htdocs\4w4-wordpress\wp-includes\template-loader.php(106): include()
#1 C:\xampp\htdocs\4w4-wordpress\wp-blog-header.php(19): require_once('C:\\xampp\\htdocs...')
#2 C:\xampp\htdocs\4w4-wordpress\index.php(17): require('C:\\xampp\\htdocs...')
#3 {main}
  thrown in C:\xampp\htdocs\4w4-wordpress\wp-content\themes\theme-gv\category-cours.php on line 31
[11-Mar-2021 19:22:31 UTC] PHP Fatal error:  Uncaught Error: Call to undefined function get_the_contenu() in C:\xampp\htdocs\4w4-wordpress\wp-content\themes\theme-gv\category-cours.php:31
Stack trace:
#0 C:\xampp\htdocs\4w4-wordpress\wp-includes\template-loader.php(106): include()
#1 C:\xampp\htdocs\4w4-wordpress\wp-blog-header.php(19): require_once('C:\\xampp\\htdocs...')
#2 C:\xampp\htdocs\4w4-wordpress\index.php(17): require('C:\\xampp\\htdocs...')
#3 {main}
  thrown in C:\xampp\htdocs\4w4-wordpress\wp-content\themes\theme-gv\category-cours.php on line 31
[11-Mar-2021 19:24:04 UTC] PHP Fatal error:  Uncaught Error: Call to undefined function get_the_contenu() in C:\xampp\htdocs\4w4-wordpress\wp-content\themes\theme-gv\category-cours.php:31
Stack trace:
#0 C:\xampp\htdocs\4w4-wordpress\wp-includes\template-loader.php(106): include()
#1 C:\xampp\htdocs\4w4-wordpress\wp-blog-header.php(19): require_once('C:\\xampp\\htdocs...')
#2 C:\xampp\htdocs\4w4-wordpress\index.php(17): require('C:\\xampp\\htdocs...')
#3 {main}
  thrown in C:\xampp\htdocs\4w4-wordpress\wp-content\themes\theme-gv\category-cours.php on line 31
[11-Mar-2021 19:24:11 UTC] PHP Fatal error:  Uncaught Error: Call to undefined function get_the_contenu() in C:\xampp\htdocs\4w4-wordpress\wp-content\themes\theme-gv\category-cours.php:31
Stack trace:
#0 C:\xampp\htdocs\4w4-wordpress\wp-includes\template-loader.php(106): include()
#1 C:\xampp\htdocs\4w4-wordpress\wp-blog-header.php(19): require_once('C:\\xampp\\htdocs...')
#2 C:\xampp\htdocs\4w4-wordpress\index.php(17): require('C:\\xampp\\htdocs...')
#3 {main}
  thrown in C:\xampp\htdocs\4w4-wordpress\wp-content\themes\theme-gv\category-cours.php on line 31
[11-Mar-2021 19:31:14 UTC] PHP Fatal error:  Uncaught Error: Call to undefined function get_the_contenu() in C:\xampp\htdocs\4w4-wordpress\wp-content\themes\theme-gv\category-cours.php:31
Stack trace:
#0 C:\xampp\htdocs\4w4-wordpress\wp-includes\template-loader.php(106): include()
#1 C:\xampp\htdocs\4w4-wordpress\wp-blog-header.php(19): require_once('C:\\xampp\\htdocs...')
#2 C:\xampp\htdocs\4w4-wordpress\index.php(17): require('C:\\xampp\\htdocs...')
#3 {main}
  thrown in C:\xampp\htdocs\4w4-wordpress\wp-content\themes\theme-gv\category-cours.php on line 31
[11-Mar-2021 19:31:18 UTC] PHP Fatal error:  Uncaught Error: Call to undefined function get_the_contenu() in C:\xampp\htdocs\4w4-wordpress\wp-content\themes\theme-gv\category-cours.php:31
Stack trace:
#0 C:\xampp\htdocs\4w4-wordpress\wp-includes\template-loader.php(106): include()
#1 C:\xampp\htdocs\4w4-wordpress\wp-blog-header.php(19): require_once('C:\\xampp\\htdocs...')
#2 C:\xampp\htdocs\4w4-wordpress\index.php(17): require('C:\\xampp\\htdocs...')
#3 {main}
  thrown in C:\xampp\htdocs\4w4-wordpress\wp-content\themes\theme-gv\category-cours.php on line 31
[11-Mar-2021 19:31:53 UTC] PHP Fatal error:  Uncaught Error: Call to undefined function get_the_contenu() in C:\xampp\htdocs\4w4-wordpress\wp-content\themes\theme-gv\category-cours.php:31
Stack trace:
#0 C:\xampp\htdocs\4w4-wordpress\wp-includes\template-loader.php(106): include()
#1 C:\xampp\htdocs\4w4-wordpress\wp-blog-header.php(19): require_once('C:\\xampp\\htdocs...')
#2 C:\xampp\htdocs\4w4-wordpress\index.php(17): require('C:\\xampp\\htdocs...')
#3 {main}
  thrown in C:\xampp\htdocs\4w4-wordpress\wp-content\themes\theme-gv\category-cours.php on line 31
[11-Mar-2021 19:33:32 UTC] PHP Fatal error:  Uncaught Error: Call to undefined function get_the_contenu() in C:\xampp\htdocs\4w4-wordpress\wp-content\themes\theme-gv\category-cours.php:31
Stack trace:
#0 C:\xampp\htdocs\4w4-wordpress\wp-includes\template-loader.php(106): include()
#1 C:\xampp\htdocs\4w4-wordpress\wp-blog-header.php(19): require_once('C:\\xampp\\htdocs...')
#2 C:\xampp\htdocs\4w4-wordpress\index.php(17): require('C:\\xampp\\htdocs...')
#3 {main}
  thrown in C:\xampp\htdocs\4w4-wordpress\wp-content\themes\theme-gv\category-cours.php on line 31
[11-Mar-2021 19:45:30 UTC] PHP Fatal error:  Uncaught Error: Call to undefined function get_the_contenu() in C:\xampp\htdocs\4w4-wordpress\wp-content\themes\theme-gv\category-cours.php:31
Stack trace:
#0 C:\xampp\htdocs\4w4-wordpress\wp-includes\template-loader.php(106): include()
#1 C:\xampp\htdocs\4w4-wordpress\wp-blog-header.php(19): require_once('C:\\xampp\\htdocs...')
#2 C:\xampp\htdocs\4w4-wordpress\index.php(17): require('C:\\xampp\\htdocs...')
#3 {main}
  thrown in C:\xampp\htdocs\4w4-wordpress\wp-content\themes\theme-gv\category-cours.php on line 31
[11-Mar-2021 19:52:07 UTC] PHP Fatal error:  Uncaught Error: Call to undefined function get_the_contenu() in C:\xampp\htdocs\4w4-wordpress\wp-content\themes\theme-gv\category-cours.php:31
Stack trace:
#0 C:\xampp\htdocs\4w4-wordpress\wp-includes\template-loader.php(106): include()
#1 C:\xampp\htdocs\4w4-wordpress\wp-blog-header.php(19): require_once('C:\\xampp\\htdocs...')
#2 C:\xampp\htdocs\4w4-wordpress\index.php(17): require('C:\\xampp\\htdocs...')
#3 {main}
  thrown in C:\xampp\htdocs\4w4-wordpress\wp-content\themes\theme-gv\category-cours.php on line 31
[11-Mar-2021 20:03:55 UTC] PHP Fatal error:  Uncaught Error: Call to undefined function get_the_contenu() in C:\xampp\htdocs\4w4-wordpress\wp-content\themes\theme-gv\category-cours.php:31
Stack trace:
#0 C:\xampp\htdocs\4w4-wordpress\wp-includes\template-loader.php(106): include()
#1 C:\xampp\htdocs\4w4-wordpress\wp-blog-header.php(19): require_once('C:\\xampp\\htdocs...')
#2 C:\xampp\htdocs\4w4-wordpress\index.php(17): require('C:\\xampp\\htdocs...')
#3 {main}
  thrown in C:\xampp\htdocs\4w4-wordpress\wp-content\themes\theme-gv\category-cours.php on line 31
[11-Mar-2021 20:04:02 UTC] PHP Fatal error:  Uncaught Error: Call to undefined function get_the_contenu() in C:\xampp\htdocs\4w4-wordpress\wp-content\themes\theme-gv\category-cours.php:31
Stack trace:
#0 C:\xampp\htdocs\4w4-wordpress\wp-includes\template-loader.php(106): include()
#1 C:\xampp\htdocs\4w4-wordpress\wp-blog-header.php(19): require_once('C:\\xampp\\htdocs...')
#2 C:\xampp\htdocs\4w4-wordpress\index.php(17): require('C:\\xampp\\htdocs...')
#3 {main}
  thrown in C:\xampp\htdocs\4w4-wordpress\wp-content\themes\theme-gv\category-cours.php on line 31
[15-Mar-2021 01:11:30 UTC] PHP Fatal error:  Uncaught TypeError: Unsupported operand types: int - string in C:\xampp\htdocs\4w4-wordpress\wp-content\themes\theme-gv\category-cours.php:36
Stack trace:
#0 C:\xampp\htdocs\4w4-wordpress\wp-includes\template-loader.php(106): include()
#1 C:\xampp\htdocs\4w4-wordpress\wp-blog-header.php(19): require_once('C:\\xampp\\htdocs...')
#2 C:\xampp\htdocs\4w4-wordpress\index.php(17): require('C:\\xampp\\htdocs...')
#3 {main}
  thrown in C:\xampp\htdocs\4w4-wordpress\wp-content\themes\theme-gv\category-cours.php on line 36
[15-Mar-2021 01:15:04 UTC] PHP Fatal error:  Uncaught TypeError: Unsupported operand types: int - string in C:\xampp\htdocs\4w4-wordpress\wp-content\themes\theme-gv\category-cours.php:36
Stack trace:
#0 C:\xampp\htdocs\4w4-wordpress\wp-includes\template-loader.php(106): include()
#1 C:\xampp\htdocs\4w4-wordpress\wp-blog-header.php(19): require_once('C:\\xampp\\htdocs...')
#2 C:\xampp\htdocs\4w4-wordpress\index.php(17): require('C:\\xampp\\htdocs...')
#3 {main}
  thrown in C:\xampp\htdocs\4w4-wordpress\wp-content\themes\theme-gv\category-cours.php on line 36
[15-Mar-2021 01:15:18 UTC] PHP Fatal error:  Uncaught TypeError: Unsupported operand types: int - string in C:\xampp\htdocs\4w4-wordpress\wp-content\themes\theme-gv\category-cours.php:36
Stack trace:
#0 C:\xampp\htdocs\4w4-wordpress\wp-includes\template-loader.php(106): include()
#1 C:\xampp\htdocs\4w4-wordpress\wp-blog-header.php(19): require_once('C:\\xampp\\htdocs...')
#2 C:\xampp\htdocs\4w4-wordpress\index.php(17): require('C:\\xampp\\htdocs...')
#3 {main}
  thrown in C:\xampp\htdocs\4w4-wordpress\wp-content\themes\theme-gv\category-cours.php on line 36
[15-Mar-2021 01:15:19 UTC] PHP Fatal error:  Uncaught TypeError: Unsupported operand types: int - string in C:\xampp\htdocs\4w4-wordpress\wp-content\themes\theme-gv\category-cours.php:36
Stack trace:
#0 C:\xampp\htdocs\4w4-wordpress\wp-includes\template-loader.php(106): include()
#1 C:\xampp\htdocs\4w4-wordpress\wp-blog-header.php(19): require_once('C:\\xampp\\htdocs...')
#2 C:\xampp\htdocs\4w4-wordpress\index.php(17): require('C:\\xampp\\htdocs...')
#3 {main}
  thrown in C:\xampp\htdocs\4w4-wordpress\wp-content\themes\theme-gv\category-cours.php on line 36
[15-Mar-2021 01:17:25 UTC] PHP Fatal error:  Uncaught TypeError: Unsupported operand types: int - string in C:\xampp\htdocs\4w4-wordpress\wp-content\themes\theme-gv\category-cours.php:36
Stack trace:
#0 C:\xampp\htdocs\4w4-wordpress\wp-includes\template-loader.php(106): include()
#1 C:\xampp\htdocs\4w4-wordpress\wp-blog-header.php(19): require_once('C:\\xampp\\htdocs...')
#2 C:\xampp\htdocs\4w4-wordpress\index.php(17): require('C:\\xampp\\htdocs...')
#3 {main}
  thrown in C:\xampp\htdocs\4w4-wordpress\wp-content\themes\theme-gv\category-cours.php on line 36
[15-Mar-2021 01:35:28 UTC] PHP Notice: A feed could not be found at `https://feeds.feedburner.com/wpfr`; the status code is `200` and content-type is `text/html; charset=UTF-8` in C:\xampp\htdocs\4w4-wordpress\wp-includes\class-simplepie.php on line 1728
[15-Mar-2021 12:57:19 UTC] PHP Notice: A feed could not be found at `https://feeds.feedburner.com/wpfr`; the status code is `200` and content-type is `text/html; charset=UTF-8` in C:\xampp\htdocs\4w4-wordpress\wp-includes\class-simplepie.php on line 1728
[15-Mar-2021 13:03:22 UTC] PHP Deprecated:  Function libxml_disable_entity_loader() is deprecated in C:\xampp\htdocs\4w4-wordpress\wp-content\plugins\wordpress-importer\parsers\class-wxr-parser-simplexml.php on line 21
[15-Mar-2021 13:03:22 UTC] PHP Deprecated:  Function libxml_disable_entity_loader() is deprecated in C:\xampp\htdocs\4w4-wordpress\wp-content\plugins\wordpress-importer\parsers\class-wxr-parser-simplexml.php on line 25
[15-Mar-2021 13:03:32 UTC] PHP Deprecated:  Function libxml_disable_entity_loader() is deprecated in C:\xampp\htdocs\4w4-wordpress\wp-content\plugins\wordpress-importer\parsers\class-wxr-parser-simplexml.php on line 21
[15-Mar-2021 13:03:32 UTC] PHP Deprecated:  Function libxml_disable_entity_loader() is deprecated in C:\xampp\htdocs\4w4-wordpress\wp-content\plugins\wordpress-importer\parsers\class-wxr-parser-simplexml.php on line 25
[15-Mar-2021 13:09:57 UTC] PHP Notice: A feed could not be found at `https://feeds.feedburner.com/wpfr`; the status code is `200` and content-type is `text/html; charset=UTF-8` in C:\xampp\htdocs\4w4-wordpress\wp-includes\class-simplepie.php on line 1728
[15-Mar-2021 13:11:50 UTC] PHP Deprecated:  Function libxml_disable_entity_loader() is deprecated in C:\xampp\htdocs\4w4-wordpress\wp-content\plugins\wordpress-importer\parsers\class-wxr-parser-simplexml.php on line 21
[15-Mar-2021 13:11:50 UTC] PHP Deprecated:  Function libxml_disable_entity_loader() is deprecated in C:\xampp\htdocs\4w4-wordpress\wp-content\plugins\wordpress-importer\parsers\class-wxr-parser-simplexml.php on line 25
[15-Mar-2021 13:13:02 UTC] PHP Deprecated:  Function libxml_disable_entity_loader() is deprecated in C:\xampp\htdocs\4w4-wordpress\wp-content\plugins\wordpress-importer\parsers\class-wxr-parser-simplexml.php on line 21
[15-Mar-2021 13:13:02 UTC] PHP Deprecated:  Function libxml_disable_entity_loader() is deprecated in C:\xampp\htdocs\4w4-wordpress\wp-content\plugins\wordpress-importer\parsers\class-wxr-parser-simplexml.php on line 25
[15-Mar-2021 13:17:26 UTC] PHP Deprecated:  Function libxml_disable_entity_loader() is deprecated in C:\xampp\htdocs\4w4-wordpress\wp-content\plugins\wordpress-importer\parsers\class-wxr-parser-simplexml.php on line 21
[15-Mar-2021 13:17:26 UTC] PHP Deprecated:  Function libxml_disable_entity_loader() is deprecated in C:\xampp\htdocs\4w4-wordpress\wp-content\plugins\wordpress-importer\parsers\class-wxr-parser-simplexml.php on line 25
[15-Mar-2021 13:17:29 UTC] PHP Deprecated:  Function libxml_disable_entity_loader() is deprecated in C:\xampp\htdocs\4w4-wordpress\wp-content\plugins\wordpress-importer\parsers\class-wxr-parser-simplexml.php on line 21
[15-Mar-2021 13:17:29 UTC] PHP Deprecated:  Function libxml_disable_entity_loader() is deprecated in C:\xampp\htdocs\4w4-wordpress\wp-content\plugins\wordpress-importer\parsers\class-wxr-parser-simplexml.php on line 25
[15-Mar-2021 13:23:06 UTC] PHP Notice: A feed could not be found at `https://feeds.feedburner.com/wpfr`; the status code is `200` and content-type is `text/html; charset=UTF-8` in C:\xampp\htdocs\4w4-wordpress\wp-includes\class-simplepie.php on line 1728
[15-Mar-2021 13:23:26 UTC] PHP Deprecated:  Function libxml_disable_entity_loader() is deprecated in C:\xampp\htdocs\4w4-wordpress\wp-content\plugins\wordpress-importer\parsers\class-wxr-parser-simplexml.php on line 21
[15-Mar-2021 13:23:26 UTC] PHP Deprecated:  Function libxml_disable_entity_loader() is deprecated in C:\xampp\htdocs\4w4-wordpress\wp-content\plugins\wordpress-importer\parsers\class-wxr-parser-simplexml.php on line 25
[15-Mar-2021 13:23:30 UTC] PHP Deprecated:  Function libxml_disable_entity_loader() is deprecated in C:\xampp\htdocs\4w4-wordpress\wp-content\plugins\wordpress-importer\parsers\class-wxr-parser-simplexml.php on line 21
[15-Mar-2021 13:23:30 UTC] PHP Deprecated:  Function libxml_disable_entity_loader() is deprecated in C:\xampp\htdocs\4w4-wordpress\wp-content\plugins\wordpress-importer\parsers\class-wxr-parser-simplexml.php on line 25
[15-Mar-2021 13:29:53 UTC] PHP Fatal error:  Uncaught TypeError: Unsupported operand types: int - string in C:\xampp\htdocs\4w4-wordpress\wp-content\themes\theme-gv\front-page.php:36
Stack trace:
#0 C:\xampp\htdocs\4w4-wordpress\wp-includes\template-loader.php(106): include()
#1 C:\xampp\htdocs\4w4-wordpress\wp-blog-header.php(19): require_once('C:\\xampp\\htdocs...')
#2 C:\xampp\htdocs\4w4-wordpress\index.php(17): require('C:\\xampp\\htdocs...')
#3 {main}
  thrown in C:\xampp\htdocs\4w4-wordpress\wp-content\themes\theme-gv\front-page.php on line 36
[15-Mar-2021 13:30:31 UTC] PHP Fatal error:  Uncaught TypeError: Unsupported operand types: int - string in C:\xampp\htdocs\4w4-wordpress\wp-content\themes\theme-gv\front-page.php:36
Stack trace:
#0 C:\xampp\htdocs\4w4-wordpress\wp-includes\template-loader.php(106): include()
#1 C:\xampp\htdocs\4w4-wordpress\wp-blog-header.php(19): require_once('C:\\xampp\\htdocs...')
#2 C:\xampp\htdocs\4w4-wordpress\index.php(17): require('C:\\xampp\\htdocs...')
#3 {main}
  thrown in C:\xampp\htdocs\4w4-wordpress\wp-content\themes\theme-gv\front-page.php on line 36
[15-Mar-2021 13:31:21 UTC] PHP Fatal error:  Uncaught TypeError: Unsupported operand types: int - string in C:\xampp\htdocs\4w4-wordpress\wp-content\themes\theme-gv\front-page.php:36
Stack trace:
#0 C:\xampp\htdocs\4w4-wordpress\wp-includes\template-loader.php(106): include()
#1 C:\xampp\htdocs\4w4-wordpress\wp-blog-header.php(19): require_once('C:\\xampp\\htdocs...')
#2 C:\xampp\htdocs\4w4-wordpress\index.php(17): require('C:\\xampp\\htdocs...')
#3 {main}
  thrown in C:\xampp\htdocs\4w4-wordpress\wp-content\themes\theme-gv\front-page.php on line 36
[15-Mar-2021 13:31:24 UTC] PHP Fatal error:  Uncaught TypeError: Unsupported operand types: int - string in C:\xampp\htdocs\4w4-wordpress\wp-content\themes\theme-gv\front-page.php:36
Stack trace:
#0 C:\xampp\htdocs\4w4-wordpress\wp-includes\template-loader.php(106): include()
#1 C:\xampp\htdocs\4w4-wordpress\wp-blog-header.php(19): require_once('C:\\xampp\\htdocs...')
#2 C:\xampp\htdocs\4w4-wordpress\index.php(17): require('C:\\xampp\\htdocs...')
#3 {main}
  thrown in C:\xampp\htdocs\4w4-wordpress\wp-content\themes\theme-gv\front-page.php on line 36
[15-Mar-2021 13:31:28 UTC] PHP Fatal error:  Uncaught TypeError: Unsupported operand types: int - string in C:\xampp\htdocs\4w4-wordpress\wp-content\themes\theme-gv\front-page.php:36
Stack trace:
#0 C:\xampp\htdocs\4w4-wordpress\wp-includes\template-loader.php(106): include()
#1 C:\xampp\htdocs\4w4-wordpress\wp-blog-header.php(19): require_once('C:\\xampp\\htdocs...')
#2 C:\xampp\htdocs\4w4-wordpress\index.php(17): require('C:\\xampp\\htdocs...')
#3 {main}
  thrown in C:\xampp\htdocs\4w4-wordpress\wp-content\themes\theme-gv\front-page.php on line 36
[15-Mar-2021 13:33:21 UTC] PHP Fatal error:  Uncaught TypeError: Unsupported operand types: int - string in C:\xampp\htdocs\4w4-wordpress\wp-content\themes\theme-gv\front-page.php:36
Stack trace:
#0 C:\xampp\htdocs\4w4-wordpress\wp-includes\template-loader.php(106): include()
#1 C:\xampp\htdocs\4w4-wordpress\wp-blog-header.php(19): require_once('C:\\xampp\\htdocs...')
#2 C:\xampp\htdocs\4w4-wordpress\index.php(17): require('C:\\xampp\\htdocs...')
#3 {main}
  thrown in C:\xampp\htdocs\4w4-wordpress\wp-content\themes\theme-gv\front-page.php on line 36
[18-Mar-2021 18:19:08 UTC] PHP Notice: A feed could not be found at `https://feeds.feedburner.com/wpfr`; the status code is `200` and content-type is `text/html; charset=UTF-8` in C:\xampp\htdocs\4w4-wordpress\wp-includes\class-simplepie.php on line 1728
[19-Mar-2021 16:35:40 UTC] PHP Warning:  Undefined variable $sigle in C:\xampp\htdocs\4w4-wordpress\wp-content\themes\theme-gv\header.php on line 52
[19-Mar-2021 16:35:40 UTC] PHP Warning:  Undefined variable $typeCours in C:\xampp\htdocs\4w4-wordpress\wp-content\themes\theme-gv\header.php on line 52
[19-Mar-2021 16:35:40 UTC] PHP Warning:  Undefined variable $nbHeure in C:\xampp\htdocs\4w4-wordpress\wp-content\themes\theme-gv\header.php on line 52
[19-Mar-2021 16:35:40 UTC] PHP Warning:  Undefined variable $titrePartiel in C:\xampp\htdocs\4w4-wordpress\wp-content\themes\theme-gv\header.php on line 53
[19-Mar-2021 16:35:40 UTC] PHP Warning:  Undefined variable $session in C:\xampp\htdocs\4w4-wordpress\wp-content\themes\theme-gv\header.php on line 54
[19-Mar-2021 16:49:17 UTC] PHP Warning:  Undefined variable $session in C:\xampp\htdocs\4w4-wordpress\wp-content\themes\theme-gv\header.php on line 50
[19-Mar-2021 17:32:46 UTC] PHP Notice: A feed could not be found at `https://feeds.feedburner.com/wpfr`; the status code is `200` and content-type is `text/html; charset=UTF-8` in C:\xampp\htdocs\4w4-wordpress\wp-includes\class-simplepie.php on line 1728
[22-Mar-2021 12:15:01 UTC] PHP Notice: A feed could not be found at `https://feeds.feedburner.com/wpfr`; the status code is `200` and content-type is `text/html; charset=UTF-8` in C:\xampp\htdocs\4w4-wordpress\wp-includes\class-simplepie.php on line 1728
[22-Mar-2021 13:20:40 UTC] PHP Parse error:  syntax error, unexpected identifier "tPropriété", expecting variable in C:\xampp\htdocs\4w4-wordpress\wp-content\themes\theme-gv\front-page.php on line 57
[22-Mar-2021 13:22:26 UTC] PHP Fatal error:  Cannot use temporary expression in write context in C:\xampp\htdocs\4w4-wordpress\wp-content\themes\theme-gv\front-page.php on line 69
[22-Mar-2021 13:23:08 UTC] PHP Fatal error:  Uncaught Error: Undefined constant "tPropriété" in C:\xampp\htdocs\4w4-wordpress\wp-content\themes\theme-gv\front-page.php:28
Stack trace:
#0 C:\xampp\htdocs\4w4-wordpress\wp-includes\template-loader.php(106): include()
#1 C:\xampp\htdocs\4w4-wordpress\wp-blog-header.php(19): require_once('C:\\xampp\\htdocs...')
#2 C:\xampp\htdocs\4w4-wordpress\index.php(17): require('C:\\xampp\\htdocs...')
#3 {main}
  thrown in C:\xampp\htdocs\4w4-wordpress\wp-content\themes\theme-gv\front-page.php on line 28
[22-Mar-2021 13:24:11 UTC] PHP Warning:  Undefined variable $titre in C:\xampp\htdocs\4w4-wordpress\wp-content\themes\theme-gv\front-page.php on line 70
[22-Mar-2021 13:24:11 UTC] PHP Warning:  Undefined variable $titre in C:\xampp\htdocs\4w4-wordpress\wp-content\themes\theme-gv\front-page.php on line 71
[22-Mar-2021 13:24:11 UTC] PHP Warning:  Undefined variable $titre in C:\xampp\htdocs\4w4-wordpress\wp-content\themes\theme-gv\front-page.php on line 72
[22-Mar-2021 13:24:11 UTC] PHP Warning:  Undefined variable $titre in C:\xampp\htdocs\4w4-wordpress\wp-content\themes\theme-gv\front-page.php on line 73
[22-Mar-2021 13:24:11 UTC] PHP Warning:  Undefined variable $titre in C:\xampp\htdocs\4w4-wordpress\wp-content\themes\theme-gv\front-page.php on line 70
[22-Mar-2021 13:24:11 UTC] PHP Warning:  Undefined variable $titre in C:\xampp\htdocs\4w4-wordpress\wp-content\themes\theme-gv\front-page.php on line 71
[22-Mar-2021 13:24:11 UTC] PHP Warning:  Undefined variable $titre in C:\xampp\htdocs\4w4-wordpress\wp-content\themes\theme-gv\front-page.php on line 72
[22-Mar-2021 13:24:11 UTC] PHP Warning:  Undefined variable $titre in C:\xampp\htdocs\4w4-wordpress\wp-content\themes\theme-gv\front-page.php on line 73
[22-Mar-2021 13:24:11 UTC] PHP Warning:  Undefined variable $titre in C:\xampp\htdocs\4w4-wordpress\wp-content\themes\theme-gv\front-page.php on line 70
[22-Mar-2021 13:24:11 UTC] PHP Warning:  Undefined variable $titre in C:\xampp\htdocs\4w4-wordpress\wp-content\themes\theme-gv\front-page.php on line 71
[22-Mar-2021 13:24:11 UTC] PHP Warning:  Undefined variable $titre in C:\xampp\htdocs\4w4-wordpress\wp-content\themes\theme-gv\front-page.php on line 72
[22-Mar-2021 13:24:11 UTC] PHP Warning:  Undefined variable $titre in C:\xampp\htdocs\4w4-wordpress\wp-content\themes\theme-gv\front-page.php on line 73
[22-Mar-2021 13:24:11 UTC] PHP Warning:  Undefined variable $titre in C:\xampp\htdocs\4w4-wordpress\wp-content\themes\theme-gv\front-page.php on line 70
[22-Mar-2021 13:24:11 UTC] PHP Warning:  Undefined variable $titre in C:\xampp\htdocs\4w4-wordpress\wp-content\themes\theme-gv\front-page.php on line 71
[22-Mar-2021 13:24:11 UTC] PHP Warning:  Undefined variable $titre in C:\xampp\htdocs\4w4-wordpress\wp-content\themes\theme-gv\front-page.php on line 72
[22-Mar-2021 13:24:11 UTC] PHP Warning:  Undefined variable $titre in C:\xampp\htdocs\4w4-wordpress\wp-content\themes\theme-gv\front-page.php on line 73
[22-Mar-2021 13:24:11 UTC] PHP Warning:  Undefined variable $titre in C:\xampp\htdocs\4w4-wordpress\wp-content\themes\theme-gv\front-page.php on line 70
[22-Mar-2021 13:24:11 UTC] PHP Warning:  Undefined variable $titre in C:\xampp\htdocs\4w4-wordpress\wp-content\themes\theme-gv\front-page.php on line 71
[22-Mar-2021 13:24:11 UTC] PHP Warning:  Undefined variable $titre in C:\xampp\htdocs\4w4-wordpress\wp-content\themes\theme-gv\front-page.php on line 72
[22-Mar-2021 13:24:11 UTC] PHP Warning:  Undefined variable $titre in C:\xampp\htdocs\4w4-wordpress\wp-content\themes\theme-gv\front-page.php on line 73
[22-Mar-2021 13:24:11 UTC] PHP Warning:  Undefined variable $titre in C:\xampp\htdocs\4w4-wordpress\wp-content\themes\theme-gv\front-page.php on line 70
[22-Mar-2021 13:24:11 UTC] PHP Warning:  Undefined variable $titre in C:\xampp\htdocs\4w4-wordpress\wp-content\themes\theme-gv\front-page.php on line 71
[22-Mar-2021 13:24:11 UTC] PHP Warning:  Undefined variable $titre in C:\xampp\htdocs\4w4-wordpress\wp-content\themes\theme-gv\front-page.php on line 72
[22-Mar-2021 13:24:11 UTC] PHP Warning:  Undefined variable $titre in C:\xampp\htdocs\4w4-wordpress\wp-content\themes\theme-gv\front-page.php on line 73
[22-Mar-2021 13:24:11 UTC] PHP Warning:  Undefined variable $titre in C:\xampp\htdocs\4w4-wordpress\wp-content\themes\theme-gv\front-page.php on line 70
[22-Mar-2021 13:24:11 UTC] PHP Warning:  Undefined variable $titre in C:\xampp\htdocs\4w4-wordpress\wp-content\themes\theme-gv\front-page.php on line 71
[22-Mar-2021 13:24:11 UTC] PHP Warning:  Undefined variable $titre in C:\xampp\htdocs\4w4-wordpress\wp-content\themes\theme-gv\front-page.php on line 72
[22-Mar-2021 13:24:11 UTC] PHP Warning:  Undefined variable $titre in C:\xampp\htdocs\4w4-wordpress\wp-content\themes\theme-gv\front-page.php on line 73
[22-Mar-2021 13:24:11 UTC] PHP Warning:  Undefined variable $titre in C:\xampp\htdocs\4w4-wordpress\wp-content\themes\theme-gv\front-page.php on line 70
[22-Mar-2021 13:24:11 UTC] PHP Warning:  Undefined variable $titre in C:\xampp\htdocs\4w4-wordpress\wp-content\themes\theme-gv\front-page.php on line 71
[22-Mar-2021 13:24:11 UTC] PHP Warning:  Undefined variable $titre in C:\xampp\htdocs\4w4-wordpress\wp-content\themes\theme-gv\front-page.php on line 72
[22-Mar-2021 13:24:11 UTC] PHP Warning:  Undefined variable $titre in C:\xampp\htdocs\4w4-wordpress\wp-content\themes\theme-gv\front-page.php on line 73
[22-Mar-2021 13:24:11 UTC] PHP Warning:  Undefined variable $titre in C:\xampp\htdocs\4w4-wordpress\wp-content\themes\theme-gv\front-page.php on line 70
[22-Mar-2021 13:24:11 UTC] PHP Warning:  Undefined variable $titre in C:\xampp\htdocs\4w4-wordpress\wp-content\themes\theme-gv\front-page.php on line 71
[22-Mar-2021 13:24:11 UTC] PHP Warning:  Undefined variable $titre in C:\xampp\htdocs\4w4-wordpress\wp-content\themes\theme-gv\front-page.php on line 72
[22-Mar-2021 13:24:11 UTC] PHP Warning:  Undefined variable $titre in C:\xampp\htdocs\4w4-wordpress\wp-content\themes\theme-gv\front-page.php on line 73
[22-Mar-2021 13:24:11 UTC] PHP Warning:  Undefined variable $titre in C:\xampp\htdocs\4w4-wordpress\wp-content\themes\theme-gv\front-page.php on line 70
[22-Mar-2021 13:24:11 UTC] PHP Warning:  Undefined variable $titre in C:\xampp\htdocs\4w4-wordpress\wp-content\themes\theme-gv\front-page.php on line 71
[22-Mar-2021 13:24:11 UTC] PHP Warning:  Undefined variable $titre in C:\xampp\htdocs\4w4-wordpress\wp-content\themes\theme-gv\front-page.php on line 72
[22-Mar-2021 13:24:11 UTC] PHP Warning:  Undefined variable $titre in C:\xampp\htdocs\4w4-wordpress\wp-content\themes\theme-gv\front-page.php on line 73
[22-Mar-2021 13:24:11 UTC] PHP Warning:  Undefined variable $titre in C:\xampp\htdocs\4w4-wordpress\wp-content\themes\theme-gv\front-page.php on line 70
[22-Mar-2021 13:24:11 UTC] PHP Warning:  Undefined variable $titre in C:\xampp\htdocs\4w4-wordpress\wp-content\themes\theme-gv\front-page.php on line 71
[22-Mar-2021 13:24:11 UTC] PHP Warning:  Undefined variable $titre in C:\xampp\htdocs\4w4-wordpress\wp-content\themes\theme-gv\front-page.php on line 72
[22-Mar-2021 13:24:11 UTC] PHP Warning:  Undefined variable $titre in C:\xampp\htdocs\4w4-wordpress\wp-content\themes\theme-gv\front-page.php on line 73
[22-Mar-2021 13:24:11 UTC] PHP Warning:  Undefined variable $titre in C:\xampp\htdocs\4w4-wordpress\wp-content\themes\theme-gv\front-page.php on line 70
[22-Mar-2021 13:24:11 UTC] PHP Warning:  Undefined variable $titre in C:\xampp\htdocs\4w4-wordpress\wp-content\themes\theme-gv\front-page.php on line 71
[22-Mar-2021 13:24:11 UTC] PHP Warning:  Undefined variable $titre in C:\xampp\htdocs\4w4-wordpress\wp-content\themes\theme-gv\front-page.php on line 72
[22-Mar-2021 13:24:11 UTC] PHP Warning:  Undefined variable $titre in C:\xampp\htdocs\4w4-wordpress\wp-content\themes\theme-gv\front-page.php on line 73
[22-Mar-2021 13:24:11 UTC] PHP Warning:  Undefined variable $titre in C:\xampp\htdocs\4w4-wordpress\wp-content\themes\theme-gv\front-page.php on line 70
[22-Mar-2021 13:24:11 UTC] PHP Warning:  Undefined variable $titre in C:\xampp\htdocs\4w4-wordpress\wp-content\themes\theme-gv\front-page.php on line 71
[22-Mar-2021 13:24:11 UTC] PHP Warning:  Undefined variable $titre in C:\xampp\htdocs\4w4-wordpress\wp-content\themes\theme-gv\front-page.php on line 72
[22-Mar-2021 13:24:11 UTC] PHP Warning:  Undefined variable $titre in C:\xampp\htdocs\4w4-wordpress\wp-content\themes\theme-gv\front-page.php on line 73
[22-Mar-2021 13:24:11 UTC] PHP Warning:  Undefined variable $titre in C:\xampp\htdocs\4w4-wordpress\wp-content\themes\theme-gv\front-page.php on line 70
[22-Mar-2021 13:24:11 UTC] PHP Warning:  Undefined variable $titre in C:\xampp\htdocs\4w4-wordpress\wp-content\themes\theme-gv\front-page.php on line 71
[22-Mar-2021 13:24:11 UTC] PHP Warning:  Undefined variable $titre in C:\xampp\htdocs\4w4-wordpress\wp-content\themes\theme-gv\front-page.php on line 72
[22-Mar-2021 13:24:11 UTC] PHP Warning:  Undefined variable $titre in C:\xampp\htdocs\4w4-wordpress\wp-content\themes\theme-gv\front-page.php on line 73
[22-Mar-2021 13:24:11 UTC] PHP Warning:  Undefined variable $titre in C:\xampp\htdocs\4w4-wordpress\wp-content\themes\theme-gv\front-page.php on line 70
[22-Mar-2021 13:24:11 UTC] PHP Warning:  Undefined variable $titre in C:\xampp\htdocs\4w4-wordpress\wp-content\themes\theme-gv\front-page.php on line 71
[22-Mar-2021 13:24:11 UTC] PHP Warning:  Undefined variable $titre in C:\xampp\htdocs\4w4-wordpress\wp-content\themes\theme-gv\front-page.php on line 72
[22-Mar-2021 13:24:11 UTC] PHP Warning:  Undefined variable $titre in C:\xampp\htdocs\4w4-wordpress\wp-content\themes\theme-gv\front-page.php on line 73
[22-Mar-2021 13:24:11 UTC] PHP Warning:  Undefined variable $titre in C:\xampp\htdocs\4w4-wordpress\wp-content\themes\theme-gv\front-page.php on line 70
[22-Mar-2021 13:24:11 UTC] PHP Warning:  Undefined variable $titre in C:\xampp\htdocs\4w4-wordpress\wp-content\themes\theme-gv\front-page.php on line 71
[22-Mar-2021 13:24:11 UTC] PHP Warning:  Undefined variable $titre in C:\xampp\htdocs\4w4-wordpress\wp-content\themes\theme-gv\front-page.php on line 72
[22-Mar-2021 13:24:11 UTC] PHP Warning:  Undefined variable $titre in C:\xampp\htdocs\4w4-wordpress\wp-content\themes\theme-gv\front-page.php on line 73
[22-Mar-2021 13:24:11 UTC] PHP Warning:  Undefined variable $titre in C:\xampp\htdocs\4w4-wordpress\wp-content\themes\theme-gv\front-page.php on line 70
[22-Mar-2021 13:24:11 UTC] PHP Warning:  Undefined variable $titre in C:\xampp\htdocs\4w4-wordpress\wp-content\themes\theme-gv\front-page.php on line 71
[22-Mar-2021 13:24:11 UTC] PHP Warning:  Undefined variable $titre in C:\xampp\htdocs\4w4-wordpress\wp-content\themes\theme-gv\front-page.php on line 72
[22-Mar-2021 13:24:11 UTC] PHP Warning:  Undefined variable $titre in C:\xampp\htdocs\4w4-wordpress\wp-content\themes\theme-gv\front-page.php on line 73
[22-Mar-2021 13:24:11 UTC] PHP Warning:  Undefined variable $titre in C:\xampp\htdocs\4w4-wordpress\wp-content\themes\theme-gv\front-page.php on line 70
[22-Mar-2021 13:24:11 UTC] PHP Warning:  Undefined variable $titre in C:\xampp\htdocs\4w4-wordpress\wp-content\themes\theme-gv\front-page.php on line 71
[22-Mar-2021 13:24:11 UTC] PHP Warning:  Undefined variable $titre in C:\xampp\htdocs\4w4-wordpress\wp-content\themes\theme-gv\front-page.php on line 72
[22-Mar-2021 13:24:11 UTC] PHP Warning:  Undefined variable $titre in C:\xampp\htdocs\4w4-wordpress\wp-content\themes\theme-gv\front-page.php on line 73
[22-Mar-2021 13:24:11 UTC] PHP Warning:  Undefined variable $titre in C:\xampp\htdocs\4w4-wordpress\wp-content\themes\theme-gv\front-page.php on line 70
[22-Mar-2021 13:24:11 UTC] PHP Warning:  Undefined variable $titre in C:\xampp\htdocs\4w4-wordpress\wp-content\themes\theme-gv\front-page.php on line 71
[22-Mar-2021 13:24:11 UTC] PHP Warning:  Undefined variable $titre in C:\xampp\htdocs\4w4-wordpress\wp-content\themes\theme-gv\front-page.php on line 72
[22-Mar-2021 13:24:11 UTC] PHP Warning:  Undefined variable $titre in C:\xampp\htdocs\4w4-wordpress\wp-content\themes\theme-gv\front-page.php on line 73
[22-Mar-2021 13:24:11 UTC] PHP Warning:  Undefined variable $titre in C:\xampp\htdocs\4w4-wordpress\wp-content\themes\theme-gv\front-page.php on line 70
[22-Mar-2021 13:24:11 UTC] PHP Warning:  Undefined variable $titre in C:\xampp\htdocs\4w4-wordpress\wp-content\themes\theme-gv\front-page.php on line 71
[22-Mar-2021 13:24:11 UTC] PHP Warning:  Undefined variable $titre in C:\xampp\htdocs\4w4-wordpress\wp-content\themes\theme-gv\front-page.php on line 72
[22-Mar-2021 13:24:11 UTC] PHP Warning:  Undefined variable $titre in C:\xampp\htdocs\4w4-wordpress\wp-content\themes\theme-gv\front-page.php on line 73
[22-Mar-2021 13:24:11 UTC] PHP Warning:  Undefined variable $titre in C:\xampp\htdocs\4w4-wordpress\wp-content\themes\theme-gv\front-page.php on line 70
[22-Mar-2021 13:24:11 UTC] PHP Warning:  Undefined variable $titre in C:\xampp\htdocs\4w4-wordpress\wp-content\themes\theme-gv\front-page.php on line 71
[22-Mar-2021 13:24:11 UTC] PHP Warning:  Undefined variable $titre in C:\xampp\htdocs\4w4-wordpress\wp-content\themes\theme-gv\front-page.php on line 72
[22-Mar-2021 13:24:11 UTC] PHP Warning:  Undefined variable $titre in C:\xampp\htdocs\4w4-wordpress\wp-content\themes\theme-gv\front-page.php on line 73
[22-Mar-2021 13:24:11 UTC] PHP Warning:  Undefined variable $titre in C:\xampp\htdocs\4w4-wordpress\wp-content\themes\theme-gv\front-page.php on line 70
[22-Mar-2021 13:24:11 UTC] PHP Warning:  Undefined variable $titre in C:\xampp\htdocs\4w4-wordpress\wp-content\themes\theme-gv\front-page.php on line 71
[22-Mar-2021 13:24:11 UTC] PHP Warning:  Undefined variable $titre in C:\xampp\htdocs\4w4-wordpress\wp-content\themes\theme-gv\front-page.php on line 72
[22-Mar-2021 13:24:11 UTC] PHP Warning:  Undefined variable $titre in C:\xampp\htdocs\4w4-wordpress\wp-content\themes\theme-gv\front-page.php on line 73
[22-Mar-2021 13:24:11 UTC] PHP Warning:  Undefined variable $titre in C:\xampp\htdocs\4w4-wordpress\wp-content\themes\theme-gv\front-page.php on line 70
[22-Mar-2021 13:24:11 UTC] PHP Warning:  Undefined variable $titre in C:\xampp\htdocs\4w4-wordpress\wp-content\themes\theme-gv\front-page.php on line 71
[22-Mar-2021 13:24:11 UTC] PHP Warning:  Undefined variable $titre in C:\xampp\htdocs\4w4-wordpress\wp-content\themes\theme-gv\front-page.php on line 72
[22-Mar-2021 13:24:11 UTC] PHP Warning:  Undefined variable $titre in C:\xampp\htdocs\4w4-wordpress\wp-content\themes\theme-gv\front-page.php on line 73
[22-Mar-2021 13:24:11 UTC] PHP Warning:  Undefined variable $titre in C:\xampp\htdocs\4w4-wordpress\wp-content\themes\theme-gv\front-page.php on line 70
[22-Mar-2021 13:24:11 UTC] PHP Warning:  Undefined variable $titre in C:\xampp\htdocs\4w4-wordpress\wp-content\themes\theme-gv\front-page.php on line 71
[22-Mar-2021 13:24:11 UTC] PHP Warning:  Undefined variable $titre in C:\xampp\htdocs\4w4-wordpress\wp-content\themes\theme-gv\front-page.php on line 72
[22-Mar-2021 13:24:11 UTC] PHP Warning:  Undefined variable $titre in C:\xampp\htdocs\4w4-wordpress\wp-content\themes\theme-gv\front-page.php on line 73
[22-Mar-2021 13:24:11 UTC] PHP Warning:  Undefined variable $titre in C:\xampp\htdocs\4w4-wordpress\wp-content\themes\theme-gv\front-page.php on line 70
[22-Mar-2021 13:24:11 UTC] PHP Warning:  Undefined variable $titre in C:\xampp\htdocs\4w4-wordpress\wp-content\themes\theme-gv\front-page.php on line 71
[22-Mar-2021 13:24:11 UTC] PHP Warning:  Undefined variable $titre in C:\xampp\htdocs\4w4-wordpress\wp-content\themes\theme-gv\front-page.php on line 72
[22-Mar-2021 13:24:11 UTC] PHP Warning:  Undefined variable $titre in C:\xampp\htdocs\4w4-wordpress\wp-content\themes\theme-gv\front-page.php on line 73
[22-Mar-2021 13:24:11 UTC] PHP Warning:  Undefined variable $titre in C:\xampp\htdocs\4w4-wordpress\wp-content\themes\theme-gv\front-page.php on line 70
[22-Mar-2021 13:24:11 UTC] PHP Warning:  Undefined variable $titre in C:\xampp\htdocs\4w4-wordpress\wp-content\themes\theme-gv\front-page.php on line 71
[22-Mar-2021 13:24:11 UTC] PHP Warning:  Undefined variable $titre in C:\xampp\htdocs\4w4-wordpress\wp-content\themes\theme-gv\front-page.php on line 72
[22-Mar-2021 13:24:11 UTC] PHP Warning:  Undefined variable $titre in C:\xampp\htdocs\4w4-wordpress\wp-content\themes\theme-gv\front-page.php on line 73
[25-Mar-2021 18:27:49 UTC] PHP Notice: A feed could not be found at `https://feeds.feedburner.com/wpfr`; the status code is `200` and content-type is `text/html; charset=UTF-8` in C:\xampp\htdocs\4w4-wordpress\wp-includes\class-simplepie.php on line 1728
[25-Mar-2021 20:07:15 UTC] PHP Warning:  Une erreur imprévue est survenue. Il pourrait y avoir un problème avec WordPress.org ou la configuration de ce serveur. Si vous continuez à rencontrer ce problème, veuillez vous rendre sur les <a href="https://wpfr.net/support">forums de support</a>. (WordPress n’a pas pu établir de connexion sécurisée vers WordPress.org. Veuillez contacter l’administrateur ou l’administratrice de votre serveur.) in C:\xampp\htdocs\4w4-wordpress\wp-includes\update.php on line 612
[26-Mar-2021 15:08:40 UTC] PHP Notice: A feed could not be found at `https://feeds.feedburner.com/wpfr`; the status code is `200` and content-type is `text/html; charset=UTF-8` in C:\xampp\htdocs\4w4-wordpress\wp-includes\class-simplepie.php on line 1728
[01-Apr-2021 13:14:54 UTC] PHP Notice: A feed could not be found at `https://feeds.feedburner.com/wpfr`; the status code is `200` and content-type is `text/html; charset=UTF-8` in C:\xampp\htdocs\4w4-wordpress\wp-includes\class-simplepie.php on line 1728
[08-Apr-2021 18:09:22 UTC] PHP Notice: A feed could not be found at `https://feeds.feedburner.com/wpfr`; the status code is `200` and content-type is `text/html; charset=UTF-8` in C:\xampp\htdocs\4w4-wordpress\wp-includes\class-simplepie.php on line 1728
[08-Apr-2021 18:52:21 UTC] PHP Parse error:  syntax error, unexpected token ":" in C:\xampp\htdocs\4w4-wordpress\wp-content\themes\theme-gv\front-page.php on line 39
[08-Apr-2021 18:52:52 UTC] PHP Parse error:  syntax error, unexpected token ":" in C:\xampp\htdocs\4w4-wordpress\wp-content\themes\theme-gv\front-page.php on line 39
[08-Apr-2021 18:53:12 UTC] PHP Parse error:  syntax error, unexpected token "<", expecting end of file in C:\xampp\htdocs\4w4-wordpress\wp-content\themes\theme-gv\front-page.php on line 150
[08-Apr-2021 18:53:14 UTC] PHP Parse error:  syntax error, unexpected token "<", expecting end of file in C:\xampp\htdocs\4w4-wordpress\wp-content\themes\theme-gv\front-page.php on line 150
